#
# There is insufficient memory for the Java Runtime Environment to continue.
# Native memory allocation (malloc) failed to allocate 1048576 bytes for AllocateHeap
# Possible reasons:
#   The system is out of physical RAM or swap space
#   The process is running with CompressedOops enabled, and the Java Heap may be blocking the growth of the native heap
# Possible solutions:
#   Reduce memory load on the system
#   Increase physical memory or swap space
#   Check if swap backing store is full
#   Decrease Java heap size (-Xmx/-Xms)
#   Decrease number of Java threads
#   Decrease Java thread stack sizes (-Xss)
#   Set larger code cache with -XX:ReservedCodeCacheSize=
#   JVM is running with Unscaled Compressed Oops mode in which the Java heap is
#     placed in the first 4GB address space. The Java Heap base address is the
#     maximum limit for the native heap growth. Please use -XX:HeapBaseMinAddress
#     to set the Java Heap base and to place the Java Heap above 4GB virtual address.
# This output file may be truncated or incomplete.
#
#  Out of Memory Error (allocation.cpp:44), pid=40008, tid=43144
#
# JRE version: OpenJDK Runtime Environment Temurin-17.0.10+7 (17.0.10+7) (build 17.0.10+7)
# Java VM: OpenJDK 64-Bit Server VM Temurin-17.0.10+7 (17.0.10+7, mixed mode, emulated-client, tiered, compressed oops, compressed class ptrs, g1 gc, windows-amd64)
# No core dump will be written. Minidumps are not enabled by default on client versions of Windows
#

---------------  S U M M A R Y ------------

Command Line: -XX:+HeapDumpOnOutOfMemoryError -Xmx1024m -Dsts.lsp.client=vscode -Dsts.log.file=/dev/null -XX:TieredStopAtLevel=1 -Xlog:jni+resolve=off -Dspring.config.location=file:c:\Users\asouza\.vscode\extensions\vmware.vscode-spring-boot-1.53.0\language-server\BOOT-INF\classes\application.properties org.springframework.ide.vscode.boot.app.BootLanguageServerBootApp

Host: Intel(R) Core(TM) i7-3770 CPU @ 3.40GHz, 8 cores, 15G,  Windows 10 , 64 bit Build 19041 (10.0.19041.2546)
Time: Thu Apr 11 08:47:22 2024 Hora oficial do Brasil elapsed time: 33620.527646 seconds (0d 9h 20m 20s)

---------------  T H R E A D  ---------------

Current thread (0x00000146e97d5160):  VMThread "VM Thread" [stack: 0x0000001e38700000,0x0000001e38800000] [id=43144]

Stack: [0x0000001e38700000,0x0000001e38800000]
Native frames: (J=compiled Java code, j=interpreted, Vv=VM code, C=native code)
V  [jvm.dll+0x67d2c9]
V  [jvm.dll+0x834afa]
V  [jvm.dll+0x8365be]
V  [jvm.dll+0x836c23]
V  [jvm.dll+0x2477ff]
V  [jvm.dll+0xa6c93]
V  [jvm.dll+0x2f8663]
V  [jvm.dll+0x2f42e0]
V  [jvm.dll+0x2dc8c7]
V  [jvm.dll+0x31fb87]
V  [jvm.dll+0x83b11b]
V  [jvm.dll+0x83be61]
V  [jvm.dll+0x83c37d]
V  [jvm.dll+0x83c754]
V  [jvm.dll+0x83c820]
V  [jvm.dll+0x7e3fba]
V  [jvm.dll+0x67c1b5]
C  [ucrtbase.dll+0x21bb2]
C  [KERNEL32.DLL+0x17614]
C  [ntdll.dll+0x526a1]

VM_Operation (0x0000001e399feb70): G1CollectFull, mode: safepoint, requested by thread 0x00000146eeff2a80


---------------  P R O C E S S  ---------------

Threads class SMR info:
_java_thread_list=0x00000146ef423390, length=27, elements={
0x00000146e97e9380, 0x00000146e97ea110, 0x00000146e9816920, 0x00000146e98194c0,
0x00000146e981ada0, 0x00000146e981d680, 0x00000146e981e000, 0x00000146e9821e10,
0x00000146e9a314d0, 0x00000146e9a446c0, 0x00000146eec74b80, 0x00000146eeff2a80,
0x00000146ef302420, 0x00000146de929b00, 0x00000146ef2d0b10, 0x00000146ef3ec2e0,
0x00000146eeffafd0, 0x00000146eefcade0, 0x00000146ef354310, 0x00000146ef354d30,
0x00000146ef3575b0, 0x00000146ef357ac0, 0x00000146ef355240, 0x00000146ef355750,
0x00000146ef354820, 0x00000146ef43a890, 0x00000146ef435ca0
}

Java Threads: ( => current thread )
  0x00000146e97e9380 JavaThread "Reference Handler" daemon [_thread_blocked, id=42236, stack(0x0000001e38800000,0x0000001e38900000)]
  0x00000146e97ea110 JavaThread "Finalizer" daemon [_thread_blocked, id=29884, stack(0x0000001e38900000,0x0000001e38a00000)]
  0x00000146e9816920 JavaThread "Signal Dispatcher" daemon [_thread_blocked, id=38468, stack(0x0000001e38a00000,0x0000001e38b00000)]
  0x00000146e98194c0 JavaThread "Attach Listener" daemon [_thread_blocked, id=26108, stack(0x0000001e38b00000,0x0000001e38c00000)]
  0x00000146e981ada0 JavaThread "Service Thread" daemon [_thread_blocked, id=34840, stack(0x0000001e38c00000,0x0000001e38d00000)]
  0x00000146e981d680 JavaThread "Monitor Deflation Thread" daemon [_thread_blocked, id=14620, stack(0x0000001e38d00000,0x0000001e38e00000)]
  0x00000146e981e000 JavaThread "C1 CompilerThread0" daemon [_thread_blocked, id=18540, stack(0x0000001e38e00000,0x0000001e38f00000)]
  0x00000146e9821e10 JavaThread "Sweeper thread" daemon [_thread_blocked, id=6420, stack(0x0000001e38f00000,0x0000001e39000000)]
  0x00000146e9a314d0 JavaThread "Notification Thread" daemon [_thread_blocked, id=44980, stack(0x0000001e39100000,0x0000001e39200000)]
  0x00000146e9a446c0 JavaThread "Common-Cleaner" daemon [_thread_blocked, id=13104, stack(0x0000001e39300000,0x0000001e39400000)]
  0x00000146eec74b80 JavaThread "boundedElastic-evictor-1" daemon [_thread_blocked, id=16048, stack(0x0000001e39000000,0x0000001e39100000)]
  0x00000146eeff2a80 JavaThread "pool-13-thread-1" [_thread_blocked, id=21792, stack(0x0000001e39900000,0x0000001e39a00000)]
  0x00000146ef302420 JavaThread "LanguageServerApp-lifecycle" [_thread_blocked, id=26712, stack(0x0000001e39a00000,0x0000001e39b00000)]
  0x00000146de929b00 JavaThread "DestroyJavaVM" [_thread_blocked, id=14936, stack(0x0000001e38100000,0x0000001e38200000)]
  0x00000146ef2d0b10 JavaThread "pool-14-thread-1" [_thread_in_native, id=2076, stack(0x0000001e39e00000,0x0000001e39f00000)]
  0x00000146ef3ec2e0 JavaThread "Simple-Language-Server main thread" daemon [_thread_blocked, id=39484, stack(0x0000001e39f00000,0x0000001e3a000000)]
  0x00000146eeffafd0 JavaThread "pool-8-thread-1" [_thread_blocked, id=28960, stack(0x0000001e3a000000,0x0000001e3a100000)]
  0x00000146eefcade0 JavaThread "parallel-1" daemon [_thread_blocked, id=9984, stack(0x0000001e3a100000,0x0000001e3a200000)]
  0x00000146ef354310 JavaThread "parallel-2" daemon [_thread_blocked, id=15080, stack(0x0000001e3a200000,0x0000001e3a300000)]
  0x00000146ef354d30 JavaThread "parallel-3" daemon [_thread_blocked, id=26404, stack(0x0000001e3a300000,0x0000001e3a400000)]
  0x00000146ef3575b0 JavaThread "parallel-4" daemon [_thread_blocked, id=39624, stack(0x0000001e3a400000,0x0000001e3a500000)]
  0x00000146ef357ac0 JavaThread "parallel-5" daemon [_thread_blocked, id=17644, stack(0x0000001e3a500000,0x0000001e3a600000)]
  0x00000146ef355240 JavaThread "parallel-6" daemon [_thread_blocked, id=35616, stack(0x0000001e3a600000,0x0000001e3a700000)]
  0x00000146ef355750 JavaThread "parallel-7" daemon [_thread_blocked, id=15004, stack(0x0000001e3a700000,0x0000001e3a800000)]
  0x00000146ef354820 JavaThread "parallel-8" daemon [_thread_blocked, id=28512, stack(0x0000001e3a800000,0x0000001e3a900000)]
  0x00000146ef43a890 JavaThread "Reconciler-1" daemon [_thread_blocked, id=4664, stack(0x0000001e3af00000,0x0000001e3b000000)]
  0x00000146ef435ca0 JavaThread "pool-6-thread-1" [_thread_blocked, id=36356, stack(0x0000001e3b000000,0x0000001e3b100000)]

Other Threads:
=>0x00000146e97d5160 VMThread "VM Thread" [stack: 0x0000001e38700000,0x0000001e38800000] [id=43144]
  0x00000146e9a319b0 WatcherThread [stack: 0x0000001e39200000,0x0000001e39300000] [id=44892]
  0x00000146de968790 GCTaskThread "GC Thread#0" [stack: 0x0000001e38200000,0x0000001e38300000] [id=29044]
  0x00000146ee742850 GCTaskThread "GC Thread#1" [stack: 0x0000001e39400000,0x0000001e39500000] [id=36024]
  0x00000146e99e7040 GCTaskThread "GC Thread#2" [stack: 0x0000001e39500000,0x0000001e39600000] [id=39444]
  0x00000146e99e7300 GCTaskThread "GC Thread#3" [stack: 0x0000001e39600000,0x0000001e39700000] [id=41336]
  0x00000146e99e81f0 GCTaskThread "GC Thread#4" [stack: 0x0000001e39700000,0x0000001e39800000] [id=3452]
  0x00000146e99e84b0 GCTaskThread "GC Thread#5" [stack: 0x0000001e39800000,0x0000001e39900000] [id=30924]
  0x00000146eeaee250 GCTaskThread "GC Thread#6" [stack: 0x0000001e39b00000,0x0000001e39c00000] [id=44812]
  0x00000146eeaee720 GCTaskThread "GC Thread#7" [stack: 0x0000001e39c00000,0x0000001e39d00000] [id=8132]
  0x00000146de9714f0 ConcurrentGCThread "G1 Main Marker" [stack: 0x0000001e38300000,0x0000001e38400000] [id=33856]
  0x00000146de971e20 ConcurrentGCThread "G1 Conc#0" [stack: 0x0000001e38400000,0x0000001e38500000] [id=2488]
  0x00000146eecc3420 ConcurrentGCThread "G1 Conc#1" [stack: 0x0000001e39d00000,0x0000001e39e00000] [id=38776]
  0x00000146e96445e0 ConcurrentGCThread "G1 Refine#0" [stack: 0x0000001e38500000,0x0000001e38600000] [id=43000]
  0x00000146e9644cc0 ConcurrentGCThread "G1 Service" [stack: 0x0000001e38600000,0x0000001e38700000] [id=38448]

Threads with active compile tasks:

VM state: at safepoint (normal execution)

VM Mutex/Monitor currently owned by a thread:  ([mutex/lock_event])
[0x00000146dc880050] Threads_lock - owner thread: 0x00000146e97d5160
[0x00000146de927330] Heap_lock - owner thread: 0x00000146eeff2a80

Heap address: 0x00000000c0000000, size: 1024 MB, Compressed Oops mode: 32-bit

CDS archive(s) not mapped
Compressed class space mapped at: 0x0000000100000000-0x0000000140000000, reserved size: 1073741824
Narrow klass base: 0x0000000000000000, Narrow klass shift: 3, Narrow klass range: 0x140000000

GC Precious Log:
 CPUs: 8 total, 8 available
 Memory: 16259M
 Large Page Support: Disabled
 NUMA Support: Disabled
 Compressed Oops: Enabled (32-bit)
 Heap Region Size: 1M
 Heap Min Capacity: 8M
 Heap Initial Capacity: 256M
 Heap Max Capacity: 1G
 Pre-touch: Disabled
 Parallel Workers: 8
 Concurrent Workers: 2
 Concurrent Refinement Workers: 8
 Periodic GC: Disabled

Heap:
 garbage-first heap   total 81920K, used 24247K [0x00000000c0000000, 0x0000000100000000)
  region size 1024K, 1 young (1024K), 0 survivors (0K)
 Metaspace       used 38871K, committed 39424K, reserved 1114112K
  class space    used 5122K, committed 5376K, reserved 1048576K

Heap Regions: E=young(eden), S=young(survivor), O=old, HS=humongous(starts), HC=humongous(continues), CS=collection set, F=free, OA=open archive, CA=closed archive, TAMS=top-at-mark-start (previous, next)
|   0|0x00000000c0000000, 0x00000000c0100000, 0x00000000c0100000|100%|HS|  |TAMS 0x00000000c0100000, 0x00000000c0000000| Untracked 
|   1|0x00000000c0100000, 0x00000000c0200000, 0x00000000c0200000|100%|HC|  |TAMS 0x00000000c0200000, 0x00000000c0100000| Untracked 
|   2|0x00000000c0200000, 0x00000000c0300000, 0x00000000c0300000|100%|HC|  |TAMS 0x00000000c0300000, 0x00000000c0200000| Untracked 
|   3|0x00000000c0300000, 0x00000000c0400000, 0x00000000c0400000|100%|HC|  |TAMS 0x00000000c0400000, 0x00000000c0300000| Untracked 
|   4|0x00000000c0400000, 0x00000000c0500000, 0x00000000c0500000|100%|HS|  |TAMS 0x00000000c0500000, 0x00000000c0400000| Untracked 
|   5|0x00000000c0500000, 0x00000000c0600000, 0x00000000c0600000|100%|HC|  |TAMS 0x00000000c0600000, 0x00000000c0500000| Untracked 
|   6|0x00000000c0600000, 0x00000000c06ffff8, 0x00000000c0700000| 99%| O|  |TAMS 0x00000000c06ffff8, 0x00000000c0600000| Untracked 
|   7|0x00000000c0700000, 0x00000000c0800000, 0x00000000c0800000|100%| O|  |TAMS 0x00000000c0800000, 0x00000000c0700000| Untracked 
|   8|0x00000000c0800000, 0x00000000c0900000, 0x00000000c0900000|100%| O|  |TAMS 0x00000000c0900000, 0x00000000c0800000| Untracked 
|   9|0x00000000c0900000, 0x00000000c09fffc0, 0x00000000c0a00000| 99%| O|  |TAMS 0x00000000c09fffc0, 0x00000000c0900000| Untracked 
|  10|0x00000000c0a00000, 0x00000000c0b00000, 0x00000000c0b00000|100%| O|  |TAMS 0x00000000c0b00000, 0x00000000c0a00000| Untracked 
|  11|0x00000000c0b00000, 0x00000000c0bfff38, 0x00000000c0c00000| 99%| O|  |TAMS 0x00000000c0bfff38, 0x00000000c0b00000| Untracked 
|  12|0x00000000c0c00000, 0x00000000c0cfff98, 0x00000000c0d00000| 99%| O|  |TAMS 0x00000000c0cfff98, 0x00000000c0c00000| Untracked 
|  13|0x00000000c0d00000, 0x00000000c0e00000, 0x00000000c0e00000|100%| O|  |TAMS 0x00000000c0e00000, 0x00000000c0d00000| Untracked 
|  14|0x00000000c0e00000, 0x00000000c0f00000, 0x00000000c0f00000|100%| O|  |TAMS 0x00000000c0f00000, 0x00000000c0e00000| Untracked 
|  15|0x00000000c0f00000, 0x00000000c0ffffe0, 0x00000000c1000000| 99%| O|  |TAMS 0x00000000c0ffffe0, 0x00000000c0f00000| Untracked 
|  16|0x00000000c1000000, 0x00000000c10fffd8, 0x00000000c1100000| 99%| O|  |TAMS 0x00000000c10fffd8, 0x00000000c1000000| Untracked 
|  17|0x00000000c1100000, 0x00000000c11fffa0, 0x00000000c1200000| 99%| O|  |TAMS 0x00000000c11fffa0, 0x00000000c1100000| Untracked 
|  18|0x00000000c1200000, 0x00000000c12ffff8, 0x00000000c1300000| 99%| O|  |TAMS 0x00000000c12ffff8, 0x00000000c1200000| Untracked 
|  19|0x00000000c1300000, 0x00000000c1400000, 0x00000000c1400000|100%| O|  |TAMS 0x00000000c1400000, 0x00000000c1300000| Untracked 
|  20|0x00000000c1400000, 0x00000000c14ffff0, 0x00000000c1500000| 99%| O|  |TAMS 0x00000000c14ffff0, 0x00000000c1400000| Untracked 
|  21|0x00000000c1500000, 0x00000000c15fffe8, 0x00000000c1600000| 99%| O|  |TAMS 0x00000000c15fffe8, 0x00000000c1500000| Untracked 
|  22|0x00000000c1600000, 0x00000000c16ffff0, 0x00000000c1700000| 99%| O|  |TAMS 0x00000000c16ffff0, 0x00000000c1600000| Untracked 
|  23|0x00000000c1700000, 0x00000000c1794f70, 0x00000000c1800000| 58%| O|  |TAMS 0x00000000c1700000, 0x00000000c1700000| Untracked 
|  24|0x00000000c1800000, 0x00000000c18190b0, 0x00000000c1900000|  9%| O|  |TAMS 0x00000000c1800000, 0x00000000c1800000| Untracked 
|  25|0x00000000c1900000, 0x00000000c1900000, 0x00000000c1a00000|  0%| F|  |TAMS 0x00000000c1900000, 0x00000000c1900000| Untracked 
|  26|0x00000000c1a00000, 0x00000000c1a00000, 0x00000000c1b00000|  0%| F|  |TAMS 0x00000000c1a00000, 0x00000000c1a00000| Untracked 
|  27|0x00000000c1b00000, 0x00000000c1b00000, 0x00000000c1c00000|  0%| F|  |TAMS 0x00000000c1b00000, 0x00000000c1b00000| Untracked 
|  28|0x00000000c1c00000, 0x00000000c1c00000, 0x00000000c1d00000|  0%| F|  |TAMS 0x00000000c1c00000, 0x00000000c1c00000| Untracked 
|  29|0x00000000c1d00000, 0x00000000c1d00000, 0x00000000c1e00000|  0%| F|  |TAMS 0x00000000c1d00000, 0x00000000c1d00000| Untracked 
|  30|0x00000000c1e00000, 0x00000000c1e00000, 0x00000000c1f00000|  0%| F|  |TAMS 0x00000000c1e00000, 0x00000000c1e00000| Untracked 
|  31|0x00000000c1f00000, 0x00000000c1f00000, 0x00000000c2000000|  0%| F|  |TAMS 0x00000000c1f00000, 0x00000000c1f00000| Untracked 
|  32|0x00000000c2000000, 0x00000000c2000000, 0x00000000c2100000|  0%| F|  |TAMS 0x00000000c2000000, 0x00000000c2000000| Untracked 
|  33|0x00000000c2100000, 0x00000000c2100000, 0x00000000c2200000|  0%| F|  |TAMS 0x00000000c2100000, 0x00000000c2100000| Untracked 
|  34|0x00000000c2200000, 0x00000000c2200000, 0x00000000c2300000|  0%| F|  |TAMS 0x00000000c2200000, 0x00000000c2200000| Untracked 
|  35|0x00000000c2300000, 0x00000000c2300000, 0x00000000c2400000|  0%| F|  |TAMS 0x00000000c2300000, 0x00000000c2300000| Untracked 
|  36|0x00000000c2400000, 0x00000000c2400000, 0x00000000c2500000|  0%| F|  |TAMS 0x00000000c2400000, 0x00000000c2400000| Untracked 
|  37|0x00000000c2500000, 0x00000000c2500000, 0x00000000c2600000|  0%| F|  |TAMS 0x00000000c2500000, 0x00000000c2500000| Untracked 
|  38|0x00000000c2600000, 0x00000000c2600000, 0x00000000c2700000|  0%| F|  |TAMS 0x00000000c2600000, 0x00000000c2600000| Untracked 
|  39|0x00000000c2700000, 0x00000000c2700000, 0x00000000c2800000|  0%| F|  |TAMS 0x00000000c2700000, 0x00000000c2700000| Untracked 
|  40|0x00000000c2800000, 0x00000000c2800000, 0x00000000c2900000|  0%| F|  |TAMS 0x00000000c2800000, 0x00000000c2800000| Untracked 
|  41|0x00000000c2900000, 0x00000000c2900000, 0x00000000c2a00000|  0%| F|  |TAMS 0x00000000c2900000, 0x00000000c2900000| Untracked 
|  42|0x00000000c2a00000, 0x00000000c2a00000, 0x00000000c2b00000|  0%| F|  |TAMS 0x00000000c2a00000, 0x00000000c2a00000| Untracked 
|  43|0x00000000c2b00000, 0x00000000c2b00000, 0x00000000c2c00000|  0%| F|  |TAMS 0x00000000c2b00000, 0x00000000c2b00000| Untracked 
|  44|0x00000000c2c00000, 0x00000000c2c00000, 0x00000000c2d00000|  0%| F|  |TAMS 0x00000000c2c00000, 0x00000000c2c00000| Untracked 
|  45|0x00000000c2d00000, 0x00000000c2d00000, 0x00000000c2e00000|  0%| F|  |TAMS 0x00000000c2d00000, 0x00000000c2d00000| Untracked 
|  46|0x00000000c2e00000, 0x00000000c2e00000, 0x00000000c2f00000|  0%| F|  |TAMS 0x00000000c2e00000, 0x00000000c2e00000| Untracked 
|  47|0x00000000c2f00000, 0x00000000c2f00000, 0x00000000c3000000|  0%| F|  |TAMS 0x00000000c2f00000, 0x00000000c2f00000| Untracked 
|  48|0x00000000c3000000, 0x00000000c3000000, 0x00000000c3100000|  0%| F|  |TAMS 0x00000000c3000000, 0x00000000c3000000| Untracked 
|  49|0x00000000c3100000, 0x00000000c3100000, 0x00000000c3200000|  0%| F|  |TAMS 0x00000000c3100000, 0x00000000c3100000| Untracked 
|  50|0x00000000c3200000, 0x00000000c3200000, 0x00000000c3300000|  0%| F|  |TAMS 0x00000000c3200000, 0x00000000c3200000| Untracked 
|  51|0x00000000c3300000, 0x00000000c3300000, 0x00000000c3400000|  0%| F|  |TAMS 0x00000000c3300000, 0x00000000c3300000| Untracked 
|  52|0x00000000c3400000, 0x00000000c3400000, 0x00000000c3500000|  0%| F|  |TAMS 0x00000000c3400000, 0x00000000c3400000| Untracked 
|  53|0x00000000c3500000, 0x00000000c3500000, 0x00000000c3600000|  0%| F|  |TAMS 0x00000000c3500000, 0x00000000c3500000| Untracked 
|  54|0x00000000c3600000, 0x00000000c3600000, 0x00000000c3700000|  0%| F|  |TAMS 0x00000000c3600000, 0x00000000c3600000| Untracked 
|  55|0x00000000c3700000, 0x00000000c3700000, 0x00000000c3800000|  0%| F|  |TAMS 0x00000000c3700000, 0x00000000c3700000| Untracked 
|  56|0x00000000c3800000, 0x00000000c3800000, 0x00000000c3900000|  0%| F|  |TAMS 0x00000000c3800000, 0x00000000c3800000| Untracked 
|  57|0x00000000c3900000, 0x00000000c3900000, 0x00000000c3a00000|  0%| F|  |TAMS 0x00000000c3900000, 0x00000000c3900000| Untracked 
|  58|0x00000000c3a00000, 0x00000000c3a00000, 0x00000000c3b00000|  0%| F|  |TAMS 0x00000000c3a00000, 0x00000000c3a00000| Untracked 
|  59|0x00000000c3b00000, 0x00000000c3b00000, 0x00000000c3c00000|  0%| F|  |TAMS 0x00000000c3b00000, 0x00000000c3b00000| Untracked 
|  60|0x00000000c3c00000, 0x00000000c3c00000, 0x00000000c3d00000|  0%| F|  |TAMS 0x00000000c3c00000, 0x00000000c3c00000| Untracked 
|  61|0x00000000c3d00000, 0x00000000c3d00000, 0x00000000c3e00000|  0%| F|  |TAMS 0x00000000c3d00000, 0x00000000c3d00000| Untracked 
|  62|0x00000000c3e00000, 0x00000000c3e00000, 0x00000000c3f00000|  0%| F|  |TAMS 0x00000000c3e00000, 0x00000000c3e00000| Untracked 
|  63|0x00000000c3f00000, 0x00000000c3f00000, 0x00000000c4000000|  0%| F|  |TAMS 0x00000000c3f00000, 0x00000000c3f00000| Untracked 
|  64|0x00000000c4000000, 0x00000000c4000000, 0x00000000c4100000|  0%| F|  |TAMS 0x00000000c4000000, 0x00000000c4000000| Untracked 
|  65|0x00000000c4100000, 0x00000000c4100000, 0x00000000c4200000|  0%| F|  |TAMS 0x00000000c4100000, 0x00000000c4100000| Untracked 
|  66|0x00000000c4200000, 0x00000000c4200000, 0x00000000c4300000|  0%| F|  |TAMS 0x00000000c4200000, 0x00000000c4200000| Untracked 
|  67|0x00000000c4300000, 0x00000000c4300000, 0x00000000c4400000|  0%| F|  |TAMS 0x00000000c4300000, 0x00000000c4300000| Untracked 
|  68|0x00000000c4400000, 0x00000000c4400000, 0x00000000c4500000|  0%| F|  |TAMS 0x00000000c4400000, 0x00000000c4400000| Untracked 
|  69|0x00000000c4500000, 0x00000000c4500000, 0x00000000c4600000|  0%| F|  |TAMS 0x00000000c4500000, 0x00000000c4500000| Untracked 
|  70|0x00000000c4600000, 0x00000000c4600000, 0x00000000c4700000|  0%| F|  |TAMS 0x00000000c4600000, 0x00000000c4600000| Untracked 
|  71|0x00000000c4700000, 0x00000000c4700000, 0x00000000c4800000|  0%| F|  |TAMS 0x00000000c4700000, 0x00000000c4700000| Untracked 
| 217|0x00000000cd900000, 0x00000000cd900000, 0x00000000cda00000|  0%| F|  |TAMS 0x00000000cd900000, 0x00000000cd900000| Untracked 
| 218|0x00000000cda00000, 0x00000000cda00000, 0x00000000cdb00000|  0%| F|  |TAMS 0x00000000cda00000, 0x00000000cda00000| Untracked 
| 219|0x00000000cdb00000, 0x00000000cdb00000, 0x00000000cdc00000|  0%| F|  |TAMS 0x00000000cdb00000, 0x00000000cdb00000| Untracked 
| 220|0x00000000cdc00000, 0x00000000cdc00000, 0x00000000cdd00000|  0%| F|  |TAMS 0x00000000cdc00000, 0x00000000cdc00000| Untracked 
| 221|0x00000000cdd00000, 0x00000000cdd00000, 0x00000000cde00000|  0%| F|  |TAMS 0x00000000cdd00000, 0x00000000cdd00000| Untracked 
| 253|0x00000000cfd00000, 0x00000000cfd00000, 0x00000000cfe00000|  0%| F|  |TAMS 0x00000000cfd00000, 0x00000000cfd00000| Untracked 
| 254|0x00000000cfe00000, 0x00000000cfe00000, 0x00000000cff00000|  0%| F|  |TAMS 0x00000000cfe00000, 0x00000000cfe00000| Untracked 
| 255|0x00000000cff00000, 0x00000000cff2a408, 0x00000000d0000000| 16%| E|  |TAMS 0x00000000cff00000, 0x00000000cff00000| Complete 

Card table byte_map: [0x00000146e48d0000,0x00000146e4ad0000] _byte_map_base: 0x00000146e42d0000

Marking Bits (Prev, Next): (CMBitMap*) 0x00000146de968bc0, (CMBitMap*) 0x00000146de968c00
 Prev Bits: [0x00000146e4cd0000, 0x00000146e5cd0000)
 Next Bits: [0x00000146e5cd0000, 0x00000146e6cd0000)

Polling page: 0x00000146dc830000

Metaspace:

Usage:
  Non-class:     32.96 MB used.
      Class:      5.00 MB used.
       Both:     37.96 MB used.

Virtual space:
  Non-class space:       64.00 MB reserved,      33.25 MB ( 52%) committed,  1 nodes.
      Class space:        1.00 GB reserved,       5.25 MB ( <1%) committed,  1 nodes.
             Both:        1.06 GB reserved,      38.50 MB (  4%) committed. 

Chunk freelists:
   Non-Class:  14.85 MB
       Class:  10.80 MB
        Both:  25.65 MB

MaxMetaspaceSize: unlimited
CompressedClassSpaceSize: 1.00 GB
Initial GC threshold: 21.00 MB
Current GC threshold: 64.19 MB
CDS: off
MetaspaceReclaimPolicy: balanced
 - commit_granule_bytes: 65536.
 - commit_granule_words: 8192.
 - virtual_space_node_default_size: 8388608.
 - enlarge_chunks_in_place: 1.
 - new_chunks_are_fully_committed: 0.
 - uncommit_free_chunks: 1.
 - use_allocation_guard: 0.
 - handle_deallocations: 1.


Internal statistics:

num_allocs_failed_limit: 8.
num_arena_births: 508.
num_arena_deaths: 152.
num_vsnodes_births: 2.
num_vsnodes_deaths: 0.
num_space_committed: 616.
num_space_uncommitted: 0.
num_chunks_returned_to_freelist: 169.
num_chunks_taken_from_freelist: 1654.
num_chunk_merges: 55.
num_chunk_splits: 1156.
num_chunks_enlarged: 887.
num_inconsistent_stats: 0.

CodeCache: size=49152Kb used=6967Kb max_used=7694Kb free=42184Kb
 bounds [0x00000146e15c0000, 0x00000146e1d50000, 0x00000146e45c0000]
 total_blobs=4315 nmethods=3772 adapters=470
 compilation: enabled
              stopped_count=0, restarted_count=0
 full_count=0

Compilation events (20 events):
Event: 32446.365 Thread 0x00000146e981e000 3760       1       java.io.FilterOutputStream::<init> (21 bytes)
Event: 32446.369 Thread 0x00000146e981e000 nmethod 3760 0x00000146e1c8e190 code [0x00000146e1c8e320, 0x00000146e1c8e4d8]
Event: 32466.892 Thread 0x00000146e981e000 3761       1       org.springframework.ide.vscode.commons.languageserver.util.ParentProcessWatcher::run (36 bytes)
Event: 32466.949 Thread 0x00000146e981e000 nmethod 3761 0x00000146e1c8da10 code [0x00000146e1c8dc00, 0x00000146e1c8df18]
Event: 32477.182 Thread 0x00000146e981e000 3763       1       java.io.FileOutputStream::<init> (59 bytes)
Event: 32477.186 Thread 0x00000146e981e000 nmethod 3763 0x00000146e1c8d110 code [0x00000146e1c8d300, 0x00000146e1c8d7c8]
Event: 32477.186 Thread 0x00000146e981e000 3764       1       java.io.BufferedOutputStream::<init> (27 bytes)
Event: 32477.186 Thread 0x00000146e981e000 nmethod 3764 0x00000146e1c8cb10 code [0x00000146e1c8ccc0, 0x00000146e1c8d028]
Event: 32487.444 Thread 0x00000146e981e000 3766       1       java.lang.ProcessHandleImpl::<init> (27 bytes)
Event: 32487.444 Thread 0x00000146e981e000 nmethod 3766 0x00000146e1c8c410 code [0x00000146e1c8c5a0, 0x00000146e1c8c698]
Event: 32497.860 Thread 0x00000146e981e000 3767       1       java.lang.Runtime::exec (8 bytes)
Event: 32497.860 Thread 0x00000146e981e000 nmethod 3767 0x00000146e1c8bb90 code [0x00000146e1c8bd20, 0x00000146e1c8be08]
Event: 32497.860 Thread 0x00000146e981e000 3768       1       java.lang.ProcessBuilder::environment (147 bytes)
Event: 32498.253 Thread 0x00000146e981e000 nmethod 3768 0x00000146e1c8b010 code [0x00000146e1c8b260, 0x00000146e1c8b7a8]
Event: 32498.253 Thread 0x00000146e981e000 3769   !   1       java.lang.ProcessImpl::start (733 bytes)
Event: 32498.745 Thread 0x00000146e981e000 nmethod 3769 0x00000146e1c85810 code [0x00000146e1c85de0, 0x00000146e1c88d38]
Event: 32508.516 Thread 0x00000146e981e000 3776       1       java.lang.ProcessImpl$$Lambda$783/0x00000001003e2b60::run (8 bytes)
Event: 32508.520 Thread 0x00000146e981e000 nmethod 3776 0x00000146e1c85110 code [0x00000146e1c852a0, 0x00000146e1c85388]
Event: 32508.520 Thread 0x00000146e981e000 3777       1       java.lang.ProcessImpl::lambda$new$0 (6 bytes)
Event: 32508.520 Thread 0x00000146e981e000 nmethod 3777 0x00000146e1c84e10 code [0x00000146e1c84fa0, 0x00000146e1c85068]

GC Heap History (20 events):
Event: 33517.517 GC heap before
{Heap before GC invocations=362 (full 354):
 garbage-first heap   total 81920K, used 24247K [0x00000000c0000000, 0x0000000100000000)
  region size 1024K, 1 young (1024K), 0 survivors (0K)
 Metaspace       used 38871K, committed 39424K, reserved 1114112K
  class space    used 5122K, committed 5376K, reserved 1048576K
}
Event: 33517.538 GC heap after
{Heap after GC invocations=363 (full 355):
 garbage-first heap   total 81920K, used 24247K [0x00000000c0000000, 0x0000000100000000)
  region size 1024K, 0 young (0K), 0 survivors (0K)
 Metaspace       used 38871K, committed 39424K, reserved 1114112K
  class space    used 5122K, committed 5376K, reserved 1048576K
}
Event: 33527.812 GC heap before
{Heap before GC invocations=363 (full 355):
 garbage-first heap   total 81920K, used 24247K [0x00000000c0000000, 0x0000000100000000)
  region size 1024K, 1 young (1024K), 0 survivors (0K)
 Metaspace       used 38871K, committed 39424K, reserved 1114112K
  class space    used 5122K, committed 5376K, reserved 1048576K
}
Event: 33527.839 GC heap after
{Heap after GC invocations=364 (full 356):
 garbage-first heap   total 81920K, used 24247K [0x00000000c0000000, 0x0000000100000000)
  region size 1024K, 0 young (0K), 0 survivors (0K)
 Metaspace       used 38871K, committed 39424K, reserved 1114112K
  class space    used 5122K, committed 5376K, reserved 1048576K
}
Event: 33538.092 GC heap before
{Heap before GC invocations=364 (full 356):
 garbage-first heap   total 81920K, used 24247K [0x00000000c0000000, 0x0000000100000000)
  region size 1024K, 1 young (1024K), 0 survivors (0K)
 Metaspace       used 38871K, committed 39424K, reserved 1114112K
  class space    used 5122K, committed 5376K, reserved 1048576K
}
Event: 33538.119 GC heap after
{Heap after GC invocations=365 (full 357):
 garbage-first heap   total 81920K, used 24247K [0x00000000c0000000, 0x0000000100000000)
  region size 1024K, 0 young (0K), 0 survivors (0K)
 Metaspace       used 38871K, committed 39424K, reserved 1114112K
  class space    used 5122K, committed 5376K, reserved 1048576K
}
Event: 33548.393 GC heap before
{Heap before GC invocations=365 (full 357):
 garbage-first heap   total 81920K, used 24247K [0x00000000c0000000, 0x0000000100000000)
  region size 1024K, 1 young (1024K), 0 survivors (0K)
 Metaspace       used 38871K, committed 39424K, reserved 1114112K
  class space    used 5122K, committed 5376K, reserved 1048576K
}
Event: 33548.418 GC heap after
{Heap after GC invocations=366 (full 358):
 garbage-first heap   total 81920K, used 24247K [0x00000000c0000000, 0x0000000100000000)
  region size 1024K, 0 young (0K), 0 survivors (0K)
 Metaspace       used 38871K, committed 39424K, reserved 1114112K
  class space    used 5122K, committed 5376K, reserved 1048576K
}
Event: 33558.687 GC heap before
{Heap before GC invocations=366 (full 358):
 garbage-first heap   total 81920K, used 24247K [0x00000000c0000000, 0x0000000100000000)
  region size 1024K, 1 young (1024K), 0 survivors (0K)
 Metaspace       used 38871K, committed 39424K, reserved 1114112K
  class space    used 5122K, committed 5376K, reserved 1048576K
}
Event: 33558.708 GC heap after
{Heap after GC invocations=367 (full 359):
 garbage-first heap   total 81920K, used 24247K [0x00000000c0000000, 0x0000000100000000)
  region size 1024K, 0 young (0K), 0 survivors (0K)
 Metaspace       used 38871K, committed 39424K, reserved 1114112K
  class space    used 5122K, committed 5376K, reserved 1048576K
}
Event: 33569.131 GC heap before
{Heap before GC invocations=367 (full 359):
 garbage-first heap   total 81920K, used 24247K [0x00000000c0000000, 0x0000000100000000)
  region size 1024K, 1 young (1024K), 0 survivors (0K)
 Metaspace       used 38871K, committed 39424K, reserved 1114112K
  class space    used 5122K, committed 5376K, reserved 1048576K
}
Event: 33569.159 GC heap after
{Heap after GC invocations=368 (full 360):
 garbage-first heap   total 81920K, used 24247K [0x00000000c0000000, 0x0000000100000000)
  region size 1024K, 0 young (0K), 0 survivors (0K)
 Metaspace       used 38871K, committed 39424K, reserved 1114112K
  class space    used 5122K, committed 5376K, reserved 1048576K
}
Event: 33579.488 GC heap before
{Heap before GC invocations=368 (full 360):
 garbage-first heap   total 81920K, used 24247K [0x00000000c0000000, 0x0000000100000000)
  region size 1024K, 1 young (1024K), 0 survivors (0K)
 Metaspace       used 38871K, committed 39424K, reserved 1114112K
  class space    used 5122K, committed 5376K, reserved 1048576K
}
Event: 33579.513 GC heap after
{Heap after GC invocations=369 (full 361):
 garbage-first heap   total 81920K, used 24247K [0x00000000c0000000, 0x0000000100000000)
  region size 1024K, 0 young (0K), 0 survivors (0K)
 Metaspace       used 38871K, committed 39424K, reserved 1114112K
  class space    used 5122K, committed 5376K, reserved 1048576K
}
Event: 33589.786 GC heap before
{Heap before GC invocations=369 (full 361):
 garbage-first heap   total 81920K, used 24247K [0x00000000c0000000, 0x0000000100000000)
  region size 1024K, 1 young (1024K), 0 survivors (0K)
 Metaspace       used 38871K, committed 39424K, reserved 1114112K
  class space    used 5122K, committed 5376K, reserved 1048576K
}
Event: 33589.809 GC heap after
{Heap after GC invocations=370 (full 362):
 garbage-first heap   total 81920K, used 24247K [0x00000000c0000000, 0x0000000100000000)
  region size 1024K, 0 young (0K), 0 survivors (0K)
 Metaspace       used 38871K, committed 39424K, reserved 1114112K
  class space    used 5122K, committed 5376K, reserved 1048576K
}
Event: 33600.055 GC heap before
{Heap before GC invocations=370 (full 362):
 garbage-first heap   total 81920K, used 24247K [0x00000000c0000000, 0x0000000100000000)
  region size 1024K, 1 young (1024K), 0 survivors (0K)
 Metaspace       used 38871K, committed 39424K, reserved 1114112K
  class space    used 5122K, committed 5376K, reserved 1048576K
}
Event: 33600.076 GC heap after
{Heap after GC invocations=371 (full 363):
 garbage-first heap   total 81920K, used 24247K [0x00000000c0000000, 0x0000000100000000)
  region size 1024K, 0 young (0K), 0 survivors (0K)
 Metaspace       used 38871K, committed 39424K, reserved 1114112K
  class space    used 5122K, committed 5376K, reserved 1048576K
}
Event: 33610.393 GC heap before
{Heap before GC invocations=371 (full 363):
 garbage-first heap   total 81920K, used 24247K [0x00000000c0000000, 0x0000000100000000)
  region size 1024K, 1 young (1024K), 0 survivors (0K)
 Metaspace       used 38871K, committed 39424K, reserved 1114112K
  class space    used 5122K, committed 5376K, reserved 1048576K
}
Event: 33610.419 GC heap after
{Heap after GC invocations=372 (full 364):
 garbage-first heap   total 81920K, used 24247K [0x00000000c0000000, 0x0000000100000000)
  region size 1024K, 0 young (0K), 0 survivors (0K)
 Metaspace       used 38871K, committed 39424K, reserved 1114112K
  class space    used 5122K, committed 5376K, reserved 1048576K
}

Dll operation events (8 events):
Event: 0.008 Loaded shared library c:\Users\asouza\.vscode\extensions\redhat.java-1.29.0-win32-x64\jre\17.0.10-win32-x86_64\bin\java.dll
Event: 0.317 Loaded shared library C:\Users\asouza\.vscode\extensions\redhat.java-1.29.0-win32-x64\jre\17.0.10-win32-x86_64\bin\net.dll
Event: 0.351 Loaded shared library C:\Users\asouza\.vscode\extensions\redhat.java-1.29.0-win32-x64\jre\17.0.10-win32-x86_64\bin\nio.dll
Event: 0.483 Loaded shared library C:\Users\asouza\.vscode\extensions\redhat.java-1.29.0-win32-x64\jre\17.0.10-win32-x86_64\bin\zip.dll
Event: 6.885 Loaded shared library C:\Users\asouza\.vscode\extensions\redhat.java-1.29.0-win32-x64\jre\17.0.10-win32-x86_64\bin\jimage.dll
Event: 25.829 Loaded shared library c:\Users\asouza\.vscode\extensions\redhat.java-1.29.0-win32-x64\jre\17.0.10-win32-x86_64\bin\verify.dll
Event: 50.635 Loaded shared library C:\Users\asouza\.vscode\extensions\redhat.java-1.29.0-win32-x64\jre\17.0.10-win32-x86_64\bin\management.dll
Event: 50.707 Loaded shared library C:\Users\asouza\.vscode\extensions\redhat.java-1.29.0-win32-x64\jre\17.0.10-win32-x86_64\bin\management_ext.dll

Deoptimization events (4 events):
Event: 52.099 Thread 0x00000146ef2d0b10 DEOPT PACKING pc=0x00000146e1af9101 sp=0x0000001e39efdbb0
Event: 52.099 Thread 0x00000146ef2d0b10 DEOPT UNPACKING pc=0x00000146e1617143 sp=0x0000001e39efd040 mode 3
Event: 52.132 Thread 0x00000146eeffafd0 DEOPT PACKING pc=0x00000146e1ad5817 sp=0x0000001e3a0feee0
Event: 52.132 Thread 0x00000146eeffafd0 DEOPT UNPACKING pc=0x00000146e1617143 sp=0x0000001e3a0fe338 mode 3

Classes unloaded (20 events):
Event: 119.593 Thread 0x00000146e97d5160 Unloading class 0x0000000100519000 'java/lang/invoke/LambdaForm$MH+0x0000000100519000'
Event: 119.593 Thread 0x00000146e97d5160 Unloading class 0x0000000100518c00 'java/lang/invoke/LambdaForm$MH+0x0000000100518c00'
Event: 119.593 Thread 0x00000146e97d5160 Unloading class 0x0000000100518800 'java/lang/invoke/LambdaForm$MH+0x0000000100518800'
Event: 119.593 Thread 0x00000146e97d5160 Unloading class 0x0000000100518400 'java/lang/invoke/LambdaForm$MH+0x0000000100518400'
Event: 119.593 Thread 0x00000146e97d5160 Unloading class 0x0000000100518000 'java/lang/invoke/LambdaForm$MH+0x0000000100518000'
Event: 119.593 Thread 0x00000146e97d5160 Unloading class 0x000000010050d400 'java/lang/invoke/LambdaForm$MH+0x000000010050d400'
Event: 119.593 Thread 0x00000146e97d5160 Unloading class 0x000000010050d000 'java/lang/invoke/LambdaForm$MH+0x000000010050d000'
Event: 119.593 Thread 0x00000146e97d5160 Unloading class 0x000000010050cc00 'java/lang/invoke/LambdaForm$MH+0x000000010050cc00'
Event: 119.593 Thread 0x00000146e97d5160 Unloading class 0x000000010050c800 'java/lang/invoke/LambdaForm$MH+0x000000010050c800'
Event: 119.593 Thread 0x00000146e97d5160 Unloading class 0x000000010050c400 'java/lang/invoke/LambdaForm$MH+0x000000010050c400'
Event: 119.593 Thread 0x00000146e97d5160 Unloading class 0x00000001003b1400 'java/lang/invoke/LambdaForm$MH+0x00000001003b1400'
Event: 119.593 Thread 0x00000146e97d5160 Unloading class 0x00000001003b1000 'java/lang/invoke/LambdaForm$MH+0x00000001003b1000'
Event: 119.593 Thread 0x00000146e97d5160 Unloading class 0x00000001003b0c00 'java/lang/invoke/LambdaForm$MH+0x00000001003b0c00'
Event: 119.593 Thread 0x00000146e97d5160 Unloading class 0x000000010008e800 'java/lang/invoke/LambdaForm$MH+0x000000010008e800'
Event: 119.593 Thread 0x00000146e97d5160 Unloading class 0x000000010008e400 'java/lang/invoke/LambdaForm$MH+0x000000010008e400'
Event: 119.593 Thread 0x00000146e97d5160 Unloading class 0x000000010008e000 'java/lang/invoke/LambdaForm$MH+0x000000010008e000'
Event: 119.593 Thread 0x00000146e97d5160 Unloading class 0x000000010008dc00 'java/lang/invoke/LambdaForm$MH+0x000000010008dc00'
Event: 119.593 Thread 0x00000146e97d5160 Unloading class 0x000000010008d800 'java/lang/invoke/LambdaForm$MH+0x000000010008d800'
Event: 119.593 Thread 0x00000146e97d5160 Unloading class 0x000000010008d400 'java/lang/invoke/LambdaForm$MH+0x000000010008d400'
Event: 119.593 Thread 0x00000146e97d5160 Unloading class 0x000000010008bc00 'java/lang/invoke/LambdaForm$MH+0x000000010008bc00'

Classes redefined (0 events):
No events

Internal exceptions (20 events):
Event: 29.801 Thread 0x00000146de929b00 Exception <a 'java/lang/NoSuchMethodError'{0x00000000cdabbe00}: 'java.lang.Object java.lang.invoke.DirectMethodHandle$Holder.invokeSpecial(java.lang.Object, java.lang.Object, int, java.lang.Object, java.lang.Object)'> (0x00000000cdabbe00) 
thrown [s\src\hotspot\share\interpreter\linkResolver.cpp, line 759]
Event: 29.801 Thread 0x00000146de929b00 Exception <a 'java/lang/NoSuchMethodError'{0x00000000cdabfaa8}: 'java.lang.Object java.lang.invoke.DelegatingMethodHandle$Holder.delegate(java.lang.Object, int, java.lang.Object, java.lang.Object)'> (0x00000000cdabfaa8) 
thrown [s\src\hotspot\share\interpreter\linkResolver.cpp, line 759]
Event: 29.802 Thread 0x00000146de929b00 Exception <a 'java/lang/NoSuchMethodError'{0x00000000cdad0930}: 'int java.lang.invoke.Invokers$Holder.linkToTargetMethod(java.lang.Object, java.lang.Object, java.lang.Object)'> (0x00000000cdad0930) 
thrown [s\src\hotspot\share\interpreter\linkResolver.cpp, line 759]
Event: 30.053 Thread 0x00000146de929b00 Exception <a 'java/lang/NoSuchMethodError'{0x00000000c446c380}: 'java.lang.Object java.lang.invoke.DirectMethodHandle$Holder.invokeStaticInit(java.lang.Object, int, int, int, int)'> (0x00000000c446c380) 
thrown [s\src\hotspot\share\interpreter\linkResolver.cpp, line 759]
Event: 30.187 Thread 0x00000146de929b00 Exception <a 'java/lang/NoSuchMethodError'{0x00000000c44c9fa8}: 'java.lang.Object java.lang.invoke.DirectMethodHandle$Holder.invokeStaticInit(java.lang.Object, java.lang.Object, int, int, int, int)'> (0x00000000c44c9fa8) 
thrown [s\src\hotspot\share\interpreter\linkResolver.cpp, line 759]
Event: 30.725 Thread 0x00000146de929b00 Exception <a 'java/lang/NoSuchMethodError'{0x00000000c3b125b0}: 'void java.lang.invoke.DirectMethodHandle$Holder.invokeSpecialIFC(java.lang.Object, java.lang.Object, java.lang.Object)'> (0x00000000c3b125b0) 
thrown [s\src\hotspot\share\interpreter\linkResolver.cpp, line 759]
Event: 37.845 Thread 0x00000146de929b00 Exception <a 'java/lang/NoSuchMethodError'{0x00000000cdae8cc0}: 'int java.lang.invoke.DirectMethodHandle$Holder.invokeStaticInit(java.lang.Object, java.lang.Object, int, java.lang.Object)'> (0x00000000cdae8cc0) 
thrown [s\src\hotspot\share\interpreter\linkResolver.cpp, line 759]
Event: 48.867 Thread 0x00000146de929b00 Exception <a 'java/lang/NoSuchMethodError'{0x00000000cd9fa630}: 'void java.lang.invoke.DirectMethodHandle$Holder.invokeSpecial(java.lang.Object, java.lang.Object, java.lang.Object, java.lang.Object, java.lang.Object, java.lang.Object, java.lang.Object)'> (0x00000000cd9fa630) 
thrown [s\src\hotspot\share\interpreter\linkResolver.cpp, line 759]
Event: 50.061 Thread 0x00000146de929b00 Exception <a 'java/lang/NoSuchMethodError'{0x00000000c438c790}: 'java.lang.Object java.lang.invoke.DirectMethodHandle$Holder.invokeInterface(java.lang.Object, java.lang.Object, int)'> (0x00000000c438c790) 
thrown [s\src\hotspot\share\interpreter\linkResolver.cpp, line 759]
Event: 50.067 Thread 0x00000146de929b00 Exception <a 'java/lang/IncompatibleClassChangeError'{0x00000000c43a3088}: Found class java.lang.Object, but interface was expected> (0x00000000c43a3088) 
thrown [s\src\hotspot\share\interpreter\linkResolver.cpp, line 826]
Event: 50.591 Thread 0x00000146de929b00 Exception <a 'java/lang/NoSuchMethodError'{0x00000000c3d06f00}: 'java.lang.Object java.lang.invoke.DirectMethodHandle$Holder.newInvokeSpecial(java.lang.Object, java.lang.Object, int, java.lang.Object, java.lang.Object)'> (0x00000000c3d06f00) 
thrown [s\src\hotspot\share\interpreter\linkResolver.cpp, line 759]
Event: 50.593 Thread 0x00000146de929b00 Exception <a 'java/lang/NoSuchMethodError'{0x00000000c3d1a038}: 'java.lang.Object java.lang.invoke.DirectMethodHandle$Holder.invokeSpecial(java.lang.Object, java.lang.Object, int, java.lang.Object, int, java.lang.Object)'> (0x00000000c3d1a038) 
thrown [s\src\hotspot\share\interpreter\linkResolver.cpp, line 759]
Event: 50.593 Thread 0x00000146de929b00 Exception <a 'java/lang/NoSuchMethodError'{0x00000000c3d21e40}: 'java.lang.Object java.lang.invoke.DirectMethodHandle$Holder.newInvokeSpecial(java.lang.Object, java.lang.Object, int, java.lang.Object, int)'> (0x00000000c3d21e40) 
thrown [s\src\hotspot\share\interpreter\linkResolver.cpp, line 759]
Event: 50.594 Thread 0x00000146de929b00 Exception <a 'java/lang/NoSuchMethodError'{0x00000000c3d25f40}: 'java.lang.Object java.lang.invoke.DirectMethodHandle$Holder.invokeSpecial(java.lang.Object, java.lang.Object, java.lang.Object, int, java.lang.Object, int)'> (0x00000000c3d25f40) 
thrown [s\src\hotspot\share\interpreter\linkResolver.cpp, line 759]
Event: 51.684 Thread 0x00000146ef3ec2e0 Exception <a 'java/lang/NoSuchMethodError'{0x00000000c33dfea0}: 'java.lang.Object java.lang.invoke.DirectMethodHandle$Holder.invokeStatic(java.lang.Object, int, java.lang.Object)'> (0x00000000c33dfea0) 
thrown [s\src\hotspot\share\interpreter\linkResolver.cpp, line 759]
Event: 52.019 Thread 0x00000146ef2d0b10 Exception <a 'java/lang/NoSuchMethodError'{0x00000000cff47960}: 'java.lang.Object java.lang.invoke.DirectMethodHandle$Holder.invokeStatic(java.lang.Object, java.lang.Object, java.lang.Object, int, java.lang.Object, java.lang.Object)'> (0x00000000cff47960) 
thrown [s\src\hotspot\share\interpreter\linkResolver.cpp, line 759]
Event: 53.212 Thread 0x00000146ef43a890 Exception <a 'java/lang/NoSuchMethodError'{0x00000000c47bf658}: 'int java.lang.invoke.DirectMethodHandle$Holder.invokeStatic(java.lang.Object)'> (0x00000000c47bf658) 
thrown [s\src\hotspot\share\interpreter\linkResolver.cpp, line 759]
Event: 53.213 Thread 0x00000146ef43a890 Exception <a 'java/lang/NoSuchMethodError'{0x00000000c47c2a58}: 'int java.lang.invoke.DirectMethodHandle$Holder.invokeStaticInit(java.lang.Object)'> (0x00000000c47c2a58) 
thrown [s\src\hotspot\share\interpreter\linkResolver.cpp, line 759]
Event: 90.820 Thread 0x00000146eeff2a80 Exception <a 'java/lang/NoSuchMethodError'{0x00000000c4615598}: 'void java.lang.invoke.DirectMethodHandle$Holder.invokeStatic(java.lang.Object, long)'> (0x00000000c4615598) 
thrown [s\src\hotspot\share\interpreter\linkResolver.cpp, line 759]
Event: 90.821 Thread 0x00000146eeff2a80 Exception <a 'java/lang/NoSuchMethodError'{0x00000000c461a940}: 'java.lang.Object java.lang.invoke.DirectMethodHandle$Holder.newInvokeSpecial(java.lang.Object, long)'> (0x00000000c461a940) 
thrown [s\src\hotspot\share\interpreter\linkResolver.cpp, line 759]

VM Operations (20 events):
Event: 33517.538 Executing VM operation: G1CollectFull done
Event: 33527.812 Executing VM operation: G1CollectFull
Event: 33527.839 Executing VM operation: G1CollectFull done
Event: 33538.092 Executing VM operation: G1CollectFull
Event: 33538.119 Executing VM operation: G1CollectFull done
Event: 33548.393 Executing VM operation: G1CollectFull
Event: 33548.419 Executing VM operation: G1CollectFull done
Event: 33558.687 Executing VM operation: G1CollectFull
Event: 33558.708 Executing VM operation: G1CollectFull done
Event: 33569.131 Executing VM operation: G1CollectFull
Event: 33569.160 Executing VM operation: G1CollectFull done
Event: 33579.488 Executing VM operation: G1CollectFull
Event: 33579.513 Executing VM operation: G1CollectFull done
Event: 33589.786 Executing VM operation: G1CollectFull
Event: 33589.809 Executing VM operation: G1CollectFull done
Event: 33600.055 Executing VM operation: G1CollectFull
Event: 33600.076 Executing VM operation: G1CollectFull done
Event: 33610.393 Executing VM operation: G1CollectFull
Event: 33610.419 Executing VM operation: G1CollectFull done
Event: 33620.472 Executing VM operation: G1CollectFull

Events (20 events):
Event: 53.218 loading class java/util/concurrent/atomic/AtomicLongFieldUpdater$CASUpdater$1
Event: 53.218 loading class java/util/concurrent/atomic/AtomicLongFieldUpdater$CASUpdater$1 done
Event: 90.628 loading class java/lang/ProcessBuilder
Event: 90.633 loading class java/lang/ProcessBuilder done
Event: 90.633 loading class java/lang/ProcessImpl
Event: 90.634 loading class java/lang/ProcessImpl done
Event: 90.821 loading class java/lang/ProcessImpl$2
Event: 90.821 loading class java/lang/ProcessImpl$2 done
Event: 90.821 loading class java/lang/Process$PipeInputStream
Event: 90.821 loading class java/lang/Process$PipeInputStream done
Event: 90.823 loading class jdk/internal/event/ProcessStartEvent
Event: 90.823 loading class jdk/internal/event/ProcessStartEvent done
Event: 93.101 loading class java/io/FileOutputStream$1
Event: 93.101 loading class java/io/FileOutputStream$1 done
Event: 112.609 Thread 0x00000146ef356170 Thread exited: 0x00000146ef356170
Event: 112.609 Thread 0x00000146ef43b2b0 Thread exited: 0x00000146ef43b2b0
Event: 112.609 Thread 0x00000146ef3570a0 Thread exited: 0x00000146ef3570a0
Event: 113.045 Thread 0x00000146ef356680 Thread exited: 0x00000146ef356680
Event: 113.061 Thread 0x00000146ef356b90 Thread exited: 0x00000146ef356b90
Event: 172.618 Thread 0x00000146ef355c60 Thread exited: 0x00000146ef355c60


Dynamic libraries:
0x00007ff734610000 - 0x00007ff73461e000 	c:\Users\asouza\.vscode\extensions\redhat.java-1.29.0-win32-x64\jre\17.0.10-win32-x86_64\bin\java.exe
0x00007ff96e950000 - 0x00007ff96eb48000 	C:\Windows\SYSTEM32\ntdll.dll
0x00007ff96c990000 - 0x00007ff96ca4f000 	C:\Windows\System32\KERNEL32.DLL
0x00007ff96c370000 - 0x00007ff96c642000 	C:\Windows\System32\KERNELBASE.dll
0x00007ff96c800000 - 0x00007ff96c900000 	C:\Windows\System32\ucrtbase.dll
0x00007ff964cf0000 - 0x00007ff964d07000 	c:\Users\asouza\.vscode\extensions\redhat.java-1.29.0-win32-x64\jre\17.0.10-win32-x86_64\bin\jli.dll
0x00007ff964cd0000 - 0x00007ff964ceb000 	c:\Users\asouza\.vscode\extensions\redhat.java-1.29.0-win32-x64\jre\17.0.10-win32-x86_64\bin\VCRUNTIME140.dll
0x00007ff96e6d0000 - 0x00007ff96e871000 	C:\Windows\System32\USER32.dll
0x00007ff96c680000 - 0x00007ff96c6a2000 	C:\Windows\System32\win32u.dll
0x00007ff9508a0000 - 0x00007ff950b3a000 	C:\Windows\WinSxS\amd64_microsoft.windows.common-controls_6595b64144ccf1df_6.0.19041.1110_none_60b5254171f9507e\COMCTL32.dll
0x00007ff96db00000 - 0x00007ff96db2b000 	C:\Windows\System32\GDI32.dll
0x00007ff96c260000 - 0x00007ff96c36f000 	C:\Windows\System32\gdi32full.dll
0x00007ff96d840000 - 0x00007ff96d8de000 	C:\Windows\System32\msvcrt.dll
0x00007ff96c760000 - 0x00007ff96c7fd000 	C:\Windows\System32\msvcp_win.dll
0x00007ff96d4a0000 - 0x00007ff96d4d2000 	C:\Windows\System32\IMM32.DLL
0x00007ff967340000 - 0x00007ff96734c000 	c:\Users\asouza\.vscode\extensions\redhat.java-1.29.0-win32-x64\jre\17.0.10-win32-x86_64\bin\vcruntime140_1.dll
0x00007ff9423e0000 - 0x00007ff94246d000 	c:\Users\asouza\.vscode\extensions\redhat.java-1.29.0-win32-x64\jre\17.0.10-win32-x86_64\bin\msvcp140.dll
0x00007ff9122d0000 - 0x00007ff912f32000 	c:\Users\asouza\.vscode\extensions\redhat.java-1.29.0-win32-x64\jre\17.0.10-win32-x86_64\bin\server\jvm.dll
0x00007ff96e180000 - 0x00007ff96e22e000 	C:\Windows\System32\ADVAPI32.dll
0x00007ff96d540000 - 0x00007ff96d5dc000 	C:\Windows\System32\sechost.dll
0x00007ff96db30000 - 0x00007ff96dc55000 	C:\Windows\System32\RPCRT4.dll
0x00007ff96beb0000 - 0x00007ff96befb000 	C:\Windows\SYSTEM32\POWRPROF.dll
0x00007ff94d130000 - 0x00007ff94d157000 	C:\Windows\SYSTEM32\WINMM.dll
0x00007ff95fc90000 - 0x00007ff95fc9a000 	C:\Windows\SYSTEM32\VERSION.dll
0x00007ff95a7f0000 - 0x00007ff95a7f9000 	C:\Windows\SYSTEM32\WSOCK32.dll
0x00007ff96e8a0000 - 0x00007ff96e90b000 	C:\Windows\System32\WS2_32.dll
0x00007ff96be90000 - 0x00007ff96bea2000 	C:\Windows\SYSTEM32\UMPDC.dll
0x00007ff969ee0000 - 0x00007ff969ef2000 	C:\Windows\SYSTEM32\kernel.appcore.dll
0x00007ff964cc0000 - 0x00007ff964cca000 	c:\Users\asouza\.vscode\extensions\redhat.java-1.29.0-win32-x64\jre\17.0.10-win32-x86_64\bin\jimage.dll
0x00007ff95c3c0000 - 0x00007ff95c5a4000 	C:\Windows\SYSTEM32\DBGHELP.DLL
0x00007ff95c960000 - 0x00007ff95c995000 	C:\Windows\SYSTEM32\dbgcore.DLL
0x00007ff96c900000 - 0x00007ff96c982000 	C:\Windows\System32\bcryptPrimitives.dll
0x00007ff9515f0000 - 0x00007ff951615000 	c:\Users\asouza\.vscode\extensions\redhat.java-1.29.0-win32-x64\jre\17.0.10-win32-x86_64\bin\java.dll
0x00007ff95dcc0000 - 0x00007ff95dcd8000 	c:\Users\asouza\.vscode\extensions\redhat.java-1.29.0-win32-x64\jre\17.0.10-win32-x86_64\bin\zip.dll
0x00007ff96cab0000 - 0x00007ff96d1f5000 	C:\Windows\System32\SHELL32.dll
0x00007ff96a0e0000 - 0x00007ff96a872000 	C:\Windows\SYSTEM32\windows.storage.dll
0x00007ff96e370000 - 0x00007ff96e6c5000 	C:\Windows\System32\combase.dll
0x00007ff96b8e0000 - 0x00007ff96b910000 	C:\Windows\SYSTEM32\Wldp.dll
0x00007ff96d320000 - 0x00007ff96d3cd000 	C:\Windows\System32\SHCORE.dll
0x00007ff96ca50000 - 0x00007ff96caa5000 	C:\Windows\System32\shlwapi.dll
0x00007ff96bf80000 - 0x00007ff96bf9f000 	C:\Windows\SYSTEM32\profapi.dll
0x00007ff95cd40000 - 0x00007ff95cd59000 	C:\Users\asouza\.vscode\extensions\redhat.java-1.29.0-win32-x64\jre\17.0.10-win32-x86_64\bin\net.dll
0x00007ff9662f0000 - 0x00007ff9663fc000 	C:\Windows\SYSTEM32\WINHTTP.dll
0x00007ff96b6c0000 - 0x00007ff96b72a000 	C:\Windows\system32\mswsock.dll
0x00007ff95c8b0000 - 0x00007ff95c8c6000 	C:\Users\asouza\.vscode\extensions\redhat.java-1.29.0-win32-x64\jre\17.0.10-win32-x86_64\bin\nio.dll
0x00007ff964c10000 - 0x00007ff964c20000 	c:\Users\asouza\.vscode\extensions\redhat.java-1.29.0-win32-x64\jre\17.0.10-win32-x86_64\bin\verify.dll
0x00007ff96bc60000 - 0x00007ff96bc78000 	C:\Windows\SYSTEM32\CRYPTSP.dll
0x00007ff96b000000 - 0x00007ff96b034000 	C:\Windows\system32\rsaenh.dll
0x00007ff96c650000 - 0x00007ff96c677000 	C:\Windows\System32\bcrypt.dll
0x00007ff96bf40000 - 0x00007ff96bf6e000 	C:\Windows\SYSTEM32\USERENV.dll
0x00007ff96b850000 - 0x00007ff96b85c000 	C:\Windows\SYSTEM32\CRYPTBASE.dll
0x00007ff96b3d0000 - 0x00007ff96b40b000 	C:\Windows\SYSTEM32\IPHLPAPI.DLL
0x00007ff96e360000 - 0x00007ff96e368000 	C:\Windows\System32\NSI.dll
0x00007ff966ef0000 - 0x00007ff966f07000 	C:\Windows\SYSTEM32\dhcpcsvc6.DLL
0x00007ff966ec0000 - 0x00007ff966edd000 	C:\Windows\SYSTEM32\dhcpcsvc.DLL
0x00007ff96b410000 - 0x00007ff96b4db000 	C:\Windows\SYSTEM32\DNSAPI.dll
0x00007ff964b80000 - 0x00007ff964b89000 	C:\Users\asouza\.vscode\extensions\redhat.java-1.29.0-win32-x64\jre\17.0.10-win32-x86_64\bin\management.dll
0x00007ff95c3a0000 - 0x00007ff95c3ab000 	C:\Users\asouza\.vscode\extensions\redhat.java-1.29.0-win32-x64\jre\17.0.10-win32-x86_64\bin\management_ext.dll
0x00007ff96d8e0000 - 0x00007ff96d8e8000 	C:\Windows\System32\PSAPI.DLL

dbghelp: loaded successfully - version: 4.0.5 - missing functions: none
symbol engine: initialized successfully - sym options: 0x614 - pdb path: .;c:\Users\asouza\.vscode\extensions\redhat.java-1.29.0-win32-x64\jre\17.0.10-win32-x86_64\bin;C:\Windows\SYSTEM32;C:\Windows\WinSxS\amd64_microsoft.windows.common-controls_6595b64144ccf1df_6.0.19041.1110_none_60b5254171f9507e;c:\Users\asouza\.vscode\extensions\redhat.java-1.29.0-win32-x64\jre\17.0.10-win32-x86_64\bin\server

VM Arguments:
jvm_args: -XX:+HeapDumpOnOutOfMemoryError -Xmx1024m -Dsts.lsp.client=vscode -Dsts.log.file=/dev/null -XX:TieredStopAtLevel=1 -Xlog:jni+resolve=off -Dspring.config.location=file:c:\Users\asouza\.vscode\extensions\vmware.vscode-spring-boot-1.53.0\language-server\BOOT-INF\classes\application.properties 
java_command: org.springframework.ide.vscode.boot.app.BootLanguageServerBootApp
java_class_path (initial): c:\Users\asouza\.vscode\extensions\vmware.vscode-spring-boot-1.53.0\language-server\BOOT-INF\classes;c:\Users\asouza\.vscode\extensions\vmware.vscode-spring-boot-1.53.0\language-server\BOOT-INF\lib\annotations-24.1.0.jar;c:\Users\asouza\.vscode\extensions\vmware.vscode-spring-boot-1.53.0\language-server\BOOT-INF\lib\antlr4-runtime-4.11.1.jar;c:\Users\asouza\.vscode\extensions\vmware.vscode-spring-boot-1.53.0\language-server\BOOT-INF\lib\asm-9.6.jar;c:\Users\asouza\.vscode\extensions\vmware.vscode-spring-boot-1.53.0\language-server\BOOT-INF\lib\asm-analysis-9.6.jar;c:\Users\asouza\.vscode\extensions\vmware.vscode-spring-boot-1.53.0\language-server\BOOT-INF\lib\asm-tree-9.6.jar;c:\Users\asouza\.vscode\extensions\vmware.vscode-spring-boot-1.53.0\language-server\BOOT-INF\lib\asm-util-9.6.jar;c:\Users\asouza\.vscode\extensions\vmware.vscode-spring-boot-1.53.0\language-server\BOOT-INF\lib\caffeine-3.1.8.jar;c:\Users\asouza\.vscode\extensions\vmware.vscode-spring-boot-1.53.0\language-server\BOOT-INF\lib\checker-qual-3.12.0.jar;c:\Users\asouza\.vscode\extensions\vmware.vscode-spring-boot-1.53.0\language-server\BOOT-INF\lib\classgraph-4.8.149.jar;c:\Users\asouza\.vscode\extensions\vmware.vscode-spring-boot-1.53.0\language-server\BOOT-INF\lib\commons-codec-1.16.1.jar;c:\Users\asouza\.vscode\extensions\vmware.vscode-spring-boot-1.53.0\language-server\BOOT-INF\lib\commons-compress-1.26.0.jar;c:\Users\asouza\.vscode\extensions\vmware.vscode-spring-boot-1.53.0\language-server\BOOT-INF\lib\commons-io-2.4.jar;c:\Users\asouza\.vscode\extensions\vmware.vscode-spring-boot-1.53.0\language-server\BOOT-INF\lib\commons-java-1.53.0-SNAPSHOT.jar;c:\Users\asouza\.vscode\extensions\vmware.vscode-spring-boot-1.53.0\language-server\BOOT-INF\lib\commons-lang3-3.13.0.jar;c:\Users\asouza\.vscode\extensions\vmware.vscode-spring-boot-1.53.0\language-server\BOOT-INF\lib\commons-language-server-1.53.0-SNAPSHOT.jar;c:\Users\asouza\.vscode\extensions\vmware.vscode-spring-boo
Launcher Type: SUN_STANDARD

[Global flags]
     intx CICompilerCount                          = 4                                         {product} {ergonomic}
     uint ConcGCThreads                            = 2                                         {product} {ergonomic}
     uint G1ConcRefinementThreads                  = 8                                         {product} {ergonomic}
   size_t G1HeapRegionSize                         = 1048576                                   {product} {ergonomic}
    uintx GCDrainStackTargetSize                   = 64                                        {product} {ergonomic}
     bool HeapDumpOnOutOfMemoryError               = true                                   {manageable} {command line}
   size_t InitialHeapSize                          = 268435456                                 {product} {ergonomic}
   size_t MarkStackSize                            = 4194304                                   {product} {ergonomic}
   size_t MaxHeapSize                              = 1073741824                                {product} {command line}
   size_t MaxNewSize                               = 643825664                                 {product} {ergonomic}
   size_t MinHeapDeltaBytes                        = 1048576                                   {product} {ergonomic}
   size_t MinHeapSize                              = 8388608                                   {product} {ergonomic}
    uintx NonProfiledCodeHeapSize                  = 0                                      {pd product} {ergonomic}
     bool ProfileInterpreter                       = false                                  {pd product} {command line}
    uintx ProfiledCodeHeapSize                     = 0                                      {pd product} {ergonomic}
   size_t SoftMaxHeapSize                          = 1073741824                             {manageable} {ergonomic}
     intx TieredStopAtLevel                        = 1                                         {product} {command line}
     bool UseCompressedClassPointers               = true                           {product lp64_product} {ergonomic}
     bool UseCompressedOops                        = true                           {product lp64_product} {ergonomic}
     bool UseG1GC                                  = true                                      {product} {ergonomic}
     bool UseLargePagesIndividualAllocation        = false                                  {pd product} {ergonomic}

Logging:
Log output configuration:
 #0: stdout all=warning,jni+resolve=off uptime,level,tags
 #1: stderr all=off uptime,level,tags

Environment Variables:
JAVA_HOME=C:\Program Files\Java\jdk-17
PATH=C:\Python311\Scripts\;C:\Python311\;D:\product\dbhomeXE\bin;C:\Program Files\Java\jdk-11\bin;C:\Program Files\Common Files\Oracle\Java\javapath;D:\asouza\product\dbhomeXE\bin;C:\Windows\system32;C:\Windows;C:\Windows\System32\Wbem;C:\Windows\System32\WindowsPowerShell\v1.0\;C:\Windows\System32\OpenSSH\;C:\Program Files\Git\cmd;C:\Program Files\PuTTY\;C:\Users\inst;C:\xampp\php;C:\ProgramData\ComposerSetup\bin;C:\ProgramData\chocolatey\bin;D:\Android\Sdk\emulator;D:\Android\Sdk\tools;D:\Android\Sdk\tools\bin;D:\Android\Sdk\platform-tools;C:\Program Files\nodejs\;C:\Program Files\Docker\Docker\resources\bin;C:\Users\asouza\maven\bin;C:\Users\asouza\AppData\Local\Microsoft\WindowsApps;C:\Users\asouza\AppData\Local\Programs\Microsoft VS Code\bin;C:\Users\Oracle\instantclient_21_9;C:\Users\asouza\AppData\Roaming\Composer\vendor\bin;D:\Android\Sdk\emulator;D:\Android\Sdk\tools;D:\Android\Sdk\tools\bin;D:\Android\Sdk\platform-tools;C:\Users\asouza\AppData\Roaming\npm
USERNAME=asouza
OS=Windows_NT
PROCESSOR_IDENTIFIER=Intel64 Family 6 Model 58 Stepping 9, GenuineIntel
TMP=C:\Users\asouza\AppData\Local\Temp
TEMP=C:\Users\asouza\AppData\Local\Temp



Periodic native trim disabled


---------------  S Y S T E M  ---------------

OS:
 Windows 10 , 64 bit Build 19041 (10.0.19041.2546)
OS uptime: 15 days 17:17 hours
Hyper-V role detected

CPU: total 8 (initial active 8) (4 cores per cpu, 2 threads per core) family 6 model 58 stepping 9 microcode 0x21, cx8, cmov, fxsr, ht, mmx, sse, sse2, sse3, ssse3, sse4.1, sse4.2, popcnt, tsc, tscinvbit, avx, aes, erms, clmul, vzeroupper, clflush, hv
Processor Information for all 8 processors :
  Max Mhz: 3901, Current Mhz: 3901, Mhz Limit: 3901

Memory: 4k page, system-wide physical 16259M (889M free)
TotalPageFile size 48259M (AvailPageFile size 142M)
current process WorkingSet (physical memory assigned to process): 47M, peak: 173M
current process commit charge ("private bytes"): 212M, peak: 366M

vm_info: OpenJDK 64-Bit Server VM (17.0.10+7) for windows-amd64 JRE (17.0.10+7), built on Jan 16 2024 23:25:11 by "admin" with MS VC++ 16.10 / 16.11 (VS2019)

END.
